0 info it worked if it ends with ok
1 verbose cli [ '/usr/local/bin/node', '/usr/local/bin/npm', 'publish' ]
2 info using npm@3.10.10
3 info using node@v6.3.0
4 verbose publish [ '.' ]
5 silly cache add args [ '.', null ]
6 verbose cache add spec .
7 silly cache add parsed spec Result {
7 silly cache add   raw: '.',
7 silly cache add   scope: null,
7 silly cache add   escapedName: null,
7 silly cache add   name: null,
7 silly cache add   rawSpec: '.',
7 silly cache add   spec: '/Users/hefei/github/css2sass',
7 silly cache add   type: 'directory' }
8 verbose addLocalDirectory /Users/hefei/.npm/css2sass/0.1.0/package.tgz not in flight; packing
9 verbose correctMkdir /Users/hefei/.npm correctMkdir not in flight; initializing
10 info lifecycle css2sass@0.1.0~prepublish: css2sass@0.1.0
11 silly lifecycle css2sass@0.1.0~prepublish: no script for prepublish, continuing
12 verbose tar pack [ '/Users/hefei/.npm/css2sass/0.1.0/package.tgz',
12 verbose tar pack   '/Users/hefei/github/css2sass' ]
13 verbose tarball /Users/hefei/.npm/css2sass/0.1.0/package.tgz
14 verbose folder /Users/hefei/github/css2sass
15 verbose addLocalTarball adding from inside cache /Users/hefei/.npm/css2sass/0.1.0/package.tgz
16 verbose correctMkdir /Users/hefei/.npm correctMkdir not in flight; initializing
17 silly cache afterAdd css2sass@0.1.0
18 verbose afterAdd /Users/hefei/.npm/css2sass/0.1.0/package/package.json not in flight; writing
19 verbose correctMkdir /Users/hefei/.npm correctMkdir not in flight; initializing
20 verbose afterAdd /Users/hefei/.npm/css2sass/0.1.0/package/package.json written
21 silly publish { name: 'css2sass',
21 silly publish   version: '0.1.0',
21 silly publish   description: 'a easy way to convert css to sass',
21 silly publish   main: 'css2sass.js',
21 silly publish   directories: { example: 'example' },
21 silly publish   scripts: { test: 'mocha -r intelli-espower-loader test/css2sass.test.js' },
21 silly publish   repository:
21 silly publish    { type: 'git',
21 silly publish      url: 'git+https://github.com/heeefei/css2sass.git' },
21 silly publish   keywords: [ 'css2sass', 'css', 'sass' ],
21 silly publish   author: { name: 'heeefei' },
21 silly publish   license: 'MIT',
21 silly publish   bugs: { url: 'https://github.com/heeefei/css2sass/issues' },
21 silly publish   homepage: 'https://github.com/heeefei/css2sass#readme',
21 silly publish   devDependencies:
21 silly publish    { 'intelli-espower-loader': '^1.0.1',
21 silly publish      mocha: '^3.2.0',
21 silly publish      'power-assert': '^1.4.2' },
21 silly publish   readme: '# css2sass\nconvert css file to sass file\n## what it does\ncss2sass is a easy way to convert css file to sass file. For example, it can convert\n    .container {\n        display: block;\n        width: 100px;\n        height: 100px;   \n    }\nto\n\n    .container\n      display: block\n      width: 100px\n      height: 100px\n\n## how to use\n\n## note\nthe little function convert css file to sass file by regexp, and it can\'t find grammer error,\nso you shoule promise the css file is legal.',
21 silly publish   readmeFilename: 'README.md',
21 silly publish   gitHead: '9747afe7ad25d072750209dfe2d940e9147d2880',
21 silly publish   _id: 'css2sass@0.1.0',
21 silly publish   _shasum: '0e7ee94847d3b4d004fad385990a8f67355ac1c7',
21 silly publish   _from: '.' }
22 verbose getPublishConfig undefined
23 silly mapToRegistry name css2sass
24 silly mapToRegistry using default registry
25 silly mapToRegistry registry https://registry.npm.taobao.org/
26 silly mapToRegistry data Result {
26 silly mapToRegistry   raw: 'css2sass',
26 silly mapToRegistry   scope: null,
26 silly mapToRegistry   escapedName: 'css2sass',
26 silly mapToRegistry   name: 'css2sass',
26 silly mapToRegistry   rawSpec: '',
26 silly mapToRegistry   spec: 'latest',
26 silly mapToRegistry   type: 'tag' }
27 silly mapToRegistry uri https://registry.npm.taobao.org/css2sass
28 verbose publish registryBase https://registry.npm.taobao.org/
29 silly publish uploading /Users/hefei/.npm/css2sass/0.1.0/package.tgz
30 verbose request uri https://registry.npm.taobao.org/css2sass
31 verbose request sending authorization for write operation
32 info attempt registry request try #1 at 5:25:53 PM
33 verbose request id 243fea47fd5fa1af
34 http request PUT https://registry.npm.taobao.org/css2sass
35 http 403 https://registry.npm.taobao.org/css2sass
36 verbose headers { date: 'Thu, 29 Dec 2016 09:25:48 GMT',
36 verbose headers   'content-type': 'application/json; charset=utf-8',
36 verbose headers   'content-length': '87',
36 verbose headers   connection: 'keep-alive',
36 verbose headers   'x-current-requests': '1',
36 verbose headers   'x-readtime': '15' }
37 verbose request invalidating /Users/hefei/.npm/registry.npm.taobao.org/css2sass on PUT
38 error publish Failed PUT 403
39 verbose stack Error: no_perms Private mode enable, only admin can publish this module: css2sass
39 verbose stack     at makeError (/usr/local/lib/node_modules/npm/node_modules/npm-registry-client/lib/request.js:302:12)
39 verbose stack     at CachingRegistryClient.<anonymous> (/usr/local/lib/node_modules/npm/node_modules/npm-registry-client/lib/request.js:290:14)
39 verbose stack     at Request._callback (/usr/local/lib/node_modules/npm/node_modules/npm-registry-client/lib/request.js:210:14)
39 verbose stack     at Request.self.callback (/usr/local/lib/node_modules/npm/node_modules/request/request.js:187:22)
39 verbose stack     at emitTwo (events.js:106:13)
39 verbose stack     at Request.emit (events.js:191:7)
39 verbose stack     at Request.<anonymous> (/usr/local/lib/node_modules/npm/node_modules/request/request.js:1048:10)
39 verbose stack     at emitOne (events.js:96:13)
39 verbose stack     at Request.emit (events.js:188:7)
39 verbose stack     at IncomingMessage.<anonymous> (/usr/local/lib/node_modules/npm/node_modules/request/request.js:969:12)
40 verbose statusCode 403
41 verbose pkgid css2sass
42 verbose cwd /Users/hefei/github/css2sass
43 error Darwin 16.3.0
44 error argv "/usr/local/bin/node" "/usr/local/bin/npm" "publish"
45 error node v6.3.0
46 error npm  v3.10.10
47 error code E403
48 error no_perms Private mode enable, only admin can publish this module: css2sass
49 error If you need help, you may report this error at:
49 error     <https://github.com/npm/npm/issues>
50 verbose exit [ 1, true ]
